   var1(t-1)  var2(t-1)  var3(t-1)  var4(t-1)   var1(t)
1   0.105633   0.210717   0.115647   0.722213  0.125991
2   0.125991   0.225032   0.144422   0.746230  0.085289
3   0.085289   0.206936   0.108583   0.757129  0.116568
4   0.116568   0.224537   0.143369   0.753500  0.105800
5   0.105800   0.221294   0.136584   0.737989  0.111804
(35371, 1, 4) (35371,) (15158, 1, 4) (15158,)
SGRU+AdaMG select_ratio=0.6 on wind power dataset
_________________________________________________________________
Layer (type)                 Output Shape              Param #   
=================================================================
gru_1 (GRU)                  (None, 128)               51072     
_________________________________________________________________
dense_1 (Dense)              (None, 1)                 129       
=================================================================
Total params: 51,201
Trainable params: 51,201
Non-trainable params: 0
_________________________________________________________________
Train on 35371 samples, validate on 15158 samples
Epoch 1/30
 - 3s - loss: 0.1727 - mean_absolute_error: 0.1727 - val_loss: 0.0547 - val_mean_absolute_error: 0.0547
Epoch 2/30
 - 1s - loss: 0.0472 - mean_absolute_error: 0.0472 - val_loss: 0.0476 - val_mean_absolute_error: 0.0476
Epoch 3/30
 - 1s - loss: 0.0436 - mean_absolute_error: 0.0436 - val_loss: 0.0444 - val_mean_absolute_error: 0.0444
Epoch 4/30
 - 1s - loss: 0.0404 - mean_absolute_error: 0.0404 - val_loss: 0.0422 - val_mean_absolute_error: 0.0422
Epoch 5/30
 - 1s - loss: 0.0385 - mean_absolute_error: 0.0385 - val_loss: 0.0412 - val_mean_absolute_error: 0.0412
Epoch 6/30
 - 1s - loss: 0.0371 - mean_absolute_error: 0.0371 - val_loss: 0.0394 - val_mean_absolute_error: 0.0394
Epoch 7/30
 - 1s - loss: 0.0354 - mean_absolute_error: 0.0354 - val_loss: 0.0384 - val_mean_absolute_error: 0.0384
Epoch 8/30
 - 1s - loss: 0.0357 - mean_absolute_error: 0.0357 - val_loss: 0.0388 - val_mean_absolute_error: 0.0388
Epoch 9/30
 - 1s - loss: 0.0349 - mean_absolute_error: 0.0349 - val_loss: 0.0384 - val_mean_absolute_error: 0.0384
Epoch 10/30
 - 1s - loss: 0.0350 - mean_absolute_error: 0.0350 - val_loss: 0.0393 - val_mean_absolute_error: 0.0393
Epoch 11/30
 - 1s - loss: 0.0350 - mean_absolute_error: 0.0350 - val_loss: 0.0386 - val_mean_absolute_error: 0.0386
Epoch 12/30
 - 1s - loss: 0.0348 - mean_absolute_error: 0.0348 - val_loss: 0.0385 - val_mean_absolute_error: 0.0385
Epoch 13/30
 - 1s - loss: 0.0353 - mean_absolute_error: 0.0353 - val_loss: 0.0386 - val_mean_absolute_error: 0.0386
Epoch 14/30
 - 1s - loss: 0.0349 - mean_absolute_error: 0.0349 - val_loss: 0.0380 - val_mean_absolute_error: 0.0380
Epoch 15/30
 - 1s - loss: 0.0348 - mean_absolute_error: 0.0348 - val_loss: 0.0380 - val_mean_absolute_error: 0.0380
Epoch 16/30
 - 1s - loss: 0.0354 - mean_absolute_error: 0.0354 - val_loss: 0.0389 - val_mean_absolute_error: 0.0389
Epoch 17/30
 - 1s - loss: 0.0352 - mean_absolute_error: 0.0352 - val_loss: 0.0386 - val_mean_absolute_error: 0.0386
Epoch 18/30
 - 1s - loss: 0.0350 - mean_absolute_error: 0.0350 - val_loss: 0.0397 - val_mean_absolute_error: 0.0397
Epoch 19/30
 - 1s - loss: 0.0347 - mean_absolute_error: 0.0347 - val_loss: 0.0382 - val_mean_absolute_error: 0.0382
Epoch 20/30
 - 1s - loss: 0.0347 - mean_absolute_error: 0.0347 - val_loss: 0.0384 - val_mean_absolute_error: 0.0384
Epoch 21/30
 - 1s - loss: 0.0350 - mean_absolute_error: 0.0350 - val_loss: 0.0395 - val_mean_absolute_error: 0.0395
Epoch 22/30
 - 1s - loss: 0.0347 - mean_absolute_error: 0.0347 - val_loss: 0.0381 - val_mean_absolute_error: 0.0381
Epoch 23/30
 - 1s - loss: 0.0347 - mean_absolute_error: 0.0347 - val_loss: 0.0381 - val_mean_absolute_error: 0.0381
Epoch 24/30
 - 1s - loss: 0.0346 - mean_absolute_error: 0.0346 - val_loss: 0.0387 - val_mean_absolute_error: 0.0387
Epoch 25/30
 - 1s - loss: 0.0357 - mean_absolute_error: 0.0357 - val_loss: 0.0392 - val_mean_absolute_error: 0.0392
Epoch 26/30
 - 1s - loss: 0.0350 - mean_absolute_error: 0.0350 - val_loss: 0.0378 - val_mean_absolute_error: 0.0378
Epoch 27/30
 - 1s - loss: 0.0346 - mean_absolute_error: 0.0346 - val_loss: 0.0381 - val_mean_absolute_error: 0.0381
Epoch 28/30
 - 1s - loss: 0.0352 - mean_absolute_error: 0.0352 - val_loss: 0.0386 - val_mean_absolute_error: 0.0386
Epoch 29/30
 - 1s - loss: 0.0349 - mean_absolute_error: 0.0349 - val_loss: 0.0387 - val_mean_absolute_error: 0.0387
Epoch 30/30
 - 1s - loss: 0.0349 - mean_absolute_error: 0.0349 - val_loss: 0.0389 - val_mean_absolute_error: 0.0389
SGRU+AdaMG select_ratio=0.7 on wind power dataset
_________________________________________________________________
Layer (type)                 Output Shape              Param #   
=================================================================
gru_2 (GRU)                  (None, 128)               51072     
_________________________________________________________________
dense_2 (Dense)              (None, 1)                 129       
=================================================================
Total params: 51,201
Trainable params: 51,201
Non-trainable params: 0
_________________________________________________________________
Train on 35371 samples, validate on 15158 samples
Epoch 1/30
 - 2s - loss: 0.1694 - mean_absolute_error: 0.1694 - val_loss: 0.0581 - val_mean_absolute_error: 0.0581
Epoch 2/30
 - 1s - loss: 0.0478 - mean_absolute_error: 0.0478 - val_loss: 0.0482 - val_mean_absolute_error: 0.0482
Epoch 3/30
 - 1s - loss: 0.0436 - mean_absolute_error: 0.0436 - val_loss: 0.0448 - val_mean_absolute_error: 0.0448
Epoch 4/30
 - 1s - loss: 0.0411 - mean_absolute_error: 0.0411 - val_loss: 0.0425 - val_mean_absolute_error: 0.0425
Epoch 5/30
 - 1s - loss: 0.0389 - mean_absolute_error: 0.0389 - val_loss: 0.0410 - val_mean_absolute_error: 0.0410
Epoch 6/30
 - 1s - loss: 0.0376 - mean_absolute_error: 0.0376 - val_loss: 0.0403 - val_mean_absolute_error: 0.0403
Epoch 7/30
 - 1s - loss: 0.0356 - mean_absolute_error: 0.0356 - val_loss: 0.0384 - val_mean_absolute_error: 0.0384
Epoch 8/30
 - 1s - loss: 0.0354 - mean_absolute_error: 0.0354 - val_loss: 0.0388 - val_mean_absolute_error: 0.0388
Epoch 9/30
 - 1s - loss: 0.0350 - mean_absolute_error: 0.0350 - val_loss: 0.0382 - val_mean_absolute_error: 0.0382
Epoch 10/30
 - 1s - loss: 0.0348 - mean_absolute_error: 0.0348 - val_loss: 0.0382 - val_mean_absolute_error: 0.0382
Epoch 11/30
 - 1s - loss: 0.0346 - mean_absolute_error: 0.0346 - val_loss: 0.0394 - val_mean_absolute_error: 0.0394
Epoch 12/30
 - 1s - loss: 0.0345 - mean_absolute_error: 0.0345 - val_loss: 0.0381 - val_mean_absolute_error: 0.0381
Epoch 13/30
 - 1s - loss: 0.0348 - mean_absolute_error: 0.0348 - val_loss: 0.0387 - val_mean_absolute_error: 0.0387
Epoch 14/30
 - 1s - loss: 0.0350 - mean_absolute_error: 0.0350 - val_loss: 0.0387 - val_mean_absolute_error: 0.0387
Epoch 15/30
 - 1s - loss: 0.0347 - mean_absolute_error: 0.0347 - val_loss: 0.0383 - val_mean_absolute_error: 0.0383
Epoch 16/30
 - 1s - loss: 0.0349 - mean_absolute_error: 0.0349 - val_loss: 0.0380 - val_mean_absolute_error: 0.0380
Epoch 17/30
 - 1s - loss: 0.0348 - mean_absolute_error: 0.0348 - val_loss: 0.0382 - val_mean_absolute_error: 0.0382
Epoch 18/30
 - 1s - loss: 0.0346 - mean_absolute_error: 0.0346 - val_loss: 0.0380 - val_mean_absolute_error: 0.0380
Epoch 19/30
 - 1s - loss: 0.0345 - mean_absolute_error: 0.0345 - val_loss: 0.0388 - val_mean_absolute_error: 0.0388
Epoch 20/30
 - 1s - loss: 0.0344 - mean_absolute_error: 0.0344 - val_loss: 0.0380 - val_mean_absolute_error: 0.0380
Epoch 21/30
 - 1s - loss: 0.0346 - mean_absolute_error: 0.0346 - val_loss: 0.0383 - val_mean_absolute_error: 0.0383
Epoch 22/30
 - 1s - loss: 0.0344 - mean_absolute_error: 0.0344 - val_loss: 0.0383 - val_mean_absolute_error: 0.0383
Epoch 23/30
 - 1s - loss: 0.0347 - mean_absolute_error: 0.0347 - val_loss: 0.0381 - val_mean_absolute_error: 0.0381
Epoch 24/30
 - 1s - loss: 0.0346 - mean_absolute_error: 0.0346 - val_loss: 0.0385 - val_mean_absolute_error: 0.0385
Epoch 25/30
 - 1s - loss: 0.0347 - mean_absolute_error: 0.0347 - val_loss: 0.0379 - val_mean_absolute_error: 0.0379
Epoch 26/30
 - 1s - loss: 0.0347 - mean_absolute_error: 0.0347 - val_loss: 0.0381 - val_mean_absolute_error: 0.0381
Epoch 27/30
 - 1s - loss: 0.0347 - mean_absolute_error: 0.0347 - val_loss: 0.0387 - val_mean_absolute_error: 0.0387
Epoch 28/30
 - 1s - loss: 0.0352 - mean_absolute_error: 0.0352 - val_loss: 0.0385 - val_mean_absolute_error: 0.0385
Epoch 29/30
 - 1s - loss: 0.0346 - mean_absolute_error: 0.0346 - val_loss: 0.0382 - val_mean_absolute_error: 0.0382
Epoch 30/30
 - 1s - loss: 0.0345 - mean_absolute_error: 0.0345 - val_loss: 0.0389 - val_mean_absolute_error: 0.0389
SGRU+AdaMG select_ratio=0.8 on wind power dataset
_________________________________________________________________
Layer (type)                 Output Shape              Param #   
=================================================================
gru_3 (GRU)                  (None, 128)               51072     
_________________________________________________________________
dense_3 (Dense)              (None, 1)                 129       
=================================================================
Total params: 51,201
Trainable params: 51,201
Non-trainable params: 0
_________________________________________________________________
Train on 35371 samples, validate on 15158 samples
Epoch 1/30
 - 2s - loss: 0.1596 - mean_absolute_error: 0.1596 - val_loss: 0.0537 - val_mean_absolute_error: 0.0537
Epoch 2/30
 - 1s - loss: 0.0466 - mean_absolute_error: 0.0466 - val_loss: 0.0470 - val_mean_absolute_error: 0.0470
Epoch 3/30
 - 1s - loss: 0.0431 - mean_absolute_error: 0.0431 - val_loss: 0.0441 - val_mean_absolute_error: 0.0441
Epoch 4/30
 - 1s - loss: 0.0405 - mean_absolute_error: 0.0405 - val_loss: 0.0417 - val_mean_absolute_error: 0.0417
Epoch 5/30
 - 1s - loss: 0.0384 - mean_absolute_error: 0.0384 - val_loss: 0.0407 - val_mean_absolute_error: 0.0407
Epoch 6/30
 - 1s - loss: 0.0365 - mean_absolute_error: 0.0365 - val_loss: 0.0393 - val_mean_absolute_error: 0.0393
Epoch 7/30
 - 1s - loss: 0.0354 - mean_absolute_error: 0.0354 - val_loss: 0.0383 - val_mean_absolute_error: 0.0383
Epoch 8/30
 - 1s - loss: 0.0348 - mean_absolute_error: 0.0348 - val_loss: 0.0390 - val_mean_absolute_error: 0.0390
Epoch 9/30
 - 1s - loss: 0.0351 - mean_absolute_error: 0.0351 - val_loss: 0.0383 - val_mean_absolute_error: 0.0383
Epoch 10/30
 - 1s - loss: 0.0348 - mean_absolute_error: 0.0348 - val_loss: 0.0381 - val_mean_absolute_error: 0.0381
Epoch 11/30
 - 1s - loss: 0.0348 - mean_absolute_error: 0.0348 - val_loss: 0.0384 - val_mean_absolute_error: 0.0384
Epoch 12/30
 - 1s - loss: 0.0348 - mean_absolute_error: 0.0348 - val_loss: 0.0388 - val_mean_absolute_error: 0.0388
Epoch 13/30
 - 1s - loss: 0.0351 - mean_absolute_error: 0.0351 - val_loss: 0.0381 - val_mean_absolute_error: 0.0381
Epoch 14/30
 - 1s - loss: 0.0347 - mean_absolute_error: 0.0347 - val_loss: 0.0386 - val_mean_absolute_error: 0.0386
Epoch 15/30
 - 1s - loss: 0.0350 - mean_absolute_error: 0.0350 - val_loss: 0.0395 - val_mean_absolute_error: 0.0395
Epoch 16/30
 - 1s - loss: 0.0350 - mean_absolute_error: 0.0350 - val_loss: 0.0389 - val_mean_absolute_error: 0.0389
Epoch 17/30
 - 1s - loss: 0.0348 - mean_absolute_error: 0.0348 - val_loss: 0.0381 - val_mean_absolute_error: 0.0381
Epoch 18/30
 - 1s - loss: 0.0348 - mean_absolute_error: 0.0348 - val_loss: 0.0387 - val_mean_absolute_error: 0.0387
Epoch 19/30
 - 1s - loss: 0.0353 - mean_absolute_error: 0.0353 - val_loss: 0.0392 - val_mean_absolute_error: 0.0392
Epoch 20/30
 - 1s - loss: 0.0346 - mean_absolute_error: 0.0346 - val_loss: 0.0382 - val_mean_absolute_error: 0.0382
Epoch 21/30
 - 1s - loss: 0.0348 - mean_absolute_error: 0.0348 - val_loss: 0.0379 - val_mean_absolute_error: 0.0379
Epoch 22/30
 - 1s - loss: 0.0351 - mean_absolute_error: 0.0351 - val_loss: 0.0386 - val_mean_absolute_error: 0.0386
Epoch 23/30
 - 1s - loss: 0.0349 - mean_absolute_error: 0.0349 - val_loss: 0.0381 - val_mean_absolute_error: 0.0381
Epoch 24/30
 - 1s - loss: 0.0348 - mean_absolute_error: 0.0348 - val_loss: 0.0387 - val_mean_absolute_error: 0.0387
Epoch 25/30
 - 1s - loss: 0.0355 - mean_absolute_error: 0.0355 - val_loss: 0.0380 - val_mean_absolute_error: 0.0380
Epoch 26/30
 - 1s - loss: 0.0350 - mean_absolute_error: 0.0350 - val_loss: 0.0382 - val_mean_absolute_error: 0.0382
Epoch 27/30
 - 1s - loss: 0.0347 - mean_absolute_error: 0.0347 - val_loss: 0.0389 - val_mean_absolute_error: 0.0389
Epoch 28/30
 - 1s - loss: 0.0349 - mean_absolute_error: 0.0349 - val_loss: 0.0386 - val_mean_absolute_error: 0.0386
Epoch 29/30
 - 1s - loss: 0.0355 - mean_absolute_error: 0.0355 - val_loss: 0.0380 - val_mean_absolute_error: 0.0380
Epoch 30/30
 - 1s - loss: 0.0347 - mean_absolute_error: 0.0347 - val_loss: 0.0388 - val_mean_absolute_error: 0.0388
SGRU+AdaMG select_ratio=0.9 on wind power dataset
_________________________________________________________________
Layer (type)                 Output Shape              Param #   
=================================================================
gru_4 (GRU)                  (None, 128)               51072     
_________________________________________________________________
dense_4 (Dense)              (None, 1)                 129       
=================================================================
Total params: 51,201
Trainable params: 51,201
Non-trainable params: 0
_________________________________________________________________
Train on 35371 samples, validate on 15158 samples
Epoch 1/30
 - 2s - loss: 0.1512 - mean_absolute_error: 0.1512 - val_loss: 0.0506 - val_mean_absolute_error: 0.0506
Epoch 2/30
 - 1s - loss: 0.0454 - mean_absolute_error: 0.0454 - val_loss: 0.0467 - val_mean_absolute_error: 0.0467
Epoch 3/30
 - 1s - loss: 0.0425 - mean_absolute_error: 0.0425 - val_loss: 0.0443 - val_mean_absolute_error: 0.0443
Epoch 4/30
 - 1s - loss: 0.0404 - mean_absolute_error: 0.0404 - val_loss: 0.0423 - val_mean_absolute_error: 0.0423
Epoch 5/30
 - 1s - loss: 0.0385 - mean_absolute_error: 0.0385 - val_loss: 0.0405 - val_mean_absolute_error: 0.0405
Epoch 6/30
 - 1s - loss: 0.0372 - mean_absolute_error: 0.0372 - val_loss: 0.0398 - val_mean_absolute_error: 0.0398
Epoch 7/30
 - 1s - loss: 0.0361 - mean_absolute_error: 0.0361 - val_loss: 0.0397 - val_mean_absolute_error: 0.0397
Epoch 8/30
 - 1s - loss: 0.0355 - mean_absolute_error: 0.0355 - val_loss: 0.0389 - val_mean_absolute_error: 0.0389
Epoch 9/30
 - 1s - loss: 0.0346 - mean_absolute_error: 0.0346 - val_loss: 0.0381 - val_mean_absolute_error: 0.0381
Epoch 10/30
 - 1s - loss: 0.0352 - mean_absolute_error: 0.0352 - val_loss: 0.0392 - val_mean_absolute_error: 0.0392
Epoch 11/30
 - 1s - loss: 0.0354 - mean_absolute_error: 0.0354 - val_loss: 0.0392 - val_mean_absolute_error: 0.0392
Epoch 12/30
 - 1s - loss: 0.0351 - mean_absolute_error: 0.0351 - val_loss: 0.0385 - val_mean_absolute_error: 0.0385
Epoch 13/30
 - 1s - loss: 0.0350 - mean_absolute_error: 0.0350 - val_loss: 0.0384 - val_mean_absolute_error: 0.0384
Epoch 14/30
 - 1s - loss: 0.0347 - mean_absolute_error: 0.0347 - val_loss: 0.0390 - val_mean_absolute_error: 0.0390
Epoch 15/30
 - 1s - loss: 0.0349 - mean_absolute_error: 0.0349 - val_loss: 0.0382 - val_mean_absolute_error: 0.0382
Epoch 16/30
 - 1s - loss: 0.0346 - mean_absolute_error: 0.0346 - val_loss: 0.0381 - val_mean_absolute_error: 0.0381
Epoch 17/30
 - 1s - loss: 0.0350 - mean_absolute_error: 0.0350 - val_loss: 0.0389 - val_mean_absolute_error: 0.0389
Epoch 18/30
 - 1s - loss: 0.0350 - mean_absolute_error: 0.0350 - val_loss: 0.0391 - val_mean_absolute_error: 0.0391
Epoch 19/30
 - 1s - loss: 0.0350 - mean_absolute_error: 0.0350 - val_loss: 0.0393 - val_mean_absolute_error: 0.0393
Epoch 20/30
 - 1s - loss: 0.0349 - mean_absolute_error: 0.0349 - val_loss: 0.0391 - val_mean_absolute_error: 0.0391
Epoch 21/30
 - 1s - loss: 0.0349 - mean_absolute_error: 0.0349 - val_loss: 0.0389 - val_mean_absolute_error: 0.0389
Epoch 22/30
 - 1s - loss: 0.0357 - mean_absolute_error: 0.0357 - val_loss: 0.0385 - val_mean_absolute_error: 0.0385
Epoch 23/30
 - 1s - loss: 0.0348 - mean_absolute_error: 0.0348 - val_loss: 0.0389 - val_mean_absolute_error: 0.0389
Epoch 24/30
 - 1s - loss: 0.0349 - mean_absolute_error: 0.0349 - val_loss: 0.0380 - val_mean_absolute_error: 0.0380
Epoch 25/30
 - 1s - loss: 0.0350 - mean_absolute_error: 0.0350 - val_loss: 0.0389 - val_mean_absolute_error: 0.0389
Epoch 26/30
 - 1s - loss: 0.0346 - mean_absolute_error: 0.0346 - val_loss: 0.0387 - val_mean_absolute_error: 0.0387
Epoch 27/30
 - 1s - loss: 0.0355 - mean_absolute_error: 0.0355 - val_loss: 0.0381 - val_mean_absolute_error: 0.0381
Epoch 28/30
 - 1s - loss: 0.0349 - mean_absolute_error: 0.0349 - val_loss: 0.0398 - val_mean_absolute_error: 0.0398
Epoch 29/30
 - 1s - loss: 0.0351 - mean_absolute_error: 0.0351 - val_loss: 0.0387 - val_mean_absolute_error: 0.0387
Epoch 30/30
 - 1s - loss: 0.0347 - mean_absolute_error: 0.0347 - val_loss: 0.0383 - val_mean_absolute_error: 0.0383
Test RMSE-SGRU+AdaMG-select_ratio-0.6: 12.261
Test MAE-SGRU+AdaMG-select_ratio-0.6: 7.265
Test RMSE-SGRU+AdaMG-select_ratio-0.7: 13.272
Test MAE-SGRU+AdaMG-select_ratio-0.7: 6.845
Test RMSE-SGRU+AdaMG-select_ratio-0.8: 12.738
Test MAE-SGRU+AdaMG-select_ratio-0.8: 6.739
Test RMSE-SGRU+AdaMG-select_ratio-0.9: 11.749
Test MAE-SGRU+AdaMG-select_ratio-0.9: 6.946